Running Bowtie2...
5851010 reads; of these:
  5851010 (100.00%) were paired; of these:
    296783 (5.07%) aligned concordantly 0 times
    4621089 (78.98%) aligned concordantly exactly 1 time
    933138 (15.95%) aligned concordantly >1 times
    ----
    296783 pairs aligned concordantly 0 times; of these:
      63722 (21.47%) aligned discordantly 1 time
    ----
    233061 pairs aligned 0 times concordantly or discordantly; of these:
      466122 mates make up the pairs; of these:
        297280 (63.78%) aligned 0 times
        87811 (18.84%) aligned exactly 1 time
        81031 (17.38%) aligned >1 times
97.46% overall alignment rate
Converting and Sorting BAM in one step...
[bam_sort_core] merging from 0 files and 16 in-memory blocks...
Indexing BAM file...
Calling SNPs with BCFtools...
Note: none of --samples-file, --ploidy or --ploidy-file given, assuming all sites are diploid
[mpileup] 1 samples in 1 input files
[mpileup] maximum number of reads per input file set to -d 250
Converting BCF to VCF...
Compressing and indexing VCF...
/var/spool/slurm/d/job28932787/slurm_script: line 48: bgzip: command not found
index: the file is not BGZF compressed, cannot index: /ocean/projects/agr250001p/jparedesmontero/ERR251429.vcf.gz
Pipeline completed successfully!
